FEED_CONCENTRATION_SENSOR       2024 7 3 0 0 0       19.5779KMOL/M3
FEED_FLOWRATE_SENSOR            2024 7 3 0 0 0        0.2536M3/MIN 
FEED_TEMPERATURE_SENSOR         2024 7 3 0 0 0       29.8446C      
REACTOR_LEVEL_SENSOR            2024 7 3 0 0 0        1.9907M      
CONCENTRATION_A_SENSOR          2024 7 3 0 0 0        2.8538KMOL/M3
CONCENTRATION_B_SENSOR          2024 7 3 0 0 0       17.0493KMOL/M3
REACTOR_TEMPERATURE_SENSOR      2024 7 3 0 0 0       79.8273C      
COOLING_WATER_FLOWRATE_SENSOR   2024 7 3 0 0 0        0.9255M3/MIN 
PRODUCT_FLOWRATE_SENSOR         2024 7 3 0 0 0        0.2469M3/MIN 
COOLING_WATER_TEMPERATURE_SENSOR2024 7 3 0 0 0       20.1677C      
COOLING_WATER_PRESSURE_SENSOR   2024 7 3 0 0 0    56133.2053KG/M2  
LEVEL_CONTROLLER_OUTPUT_SIGNAL  2024 7 3 0 0 0       25.2973% OPEN 
CW_FLOW_CONTROLLER_OUTPUT_SIGNAL2024 7 3 0 0 0       40.7023% OPEN 
COOLING_WATER_SETPOINT          2024 7 3 0 0 0        0.9002M3/MIN 
INVENTORY CONSTRAINT            2024 7 3 0 0 0       -0.0140M3     
CW_PRESSURE_DROP_CONSTRAINT     2024 7 3 0 0 0        0.0268M3/MIN 
EFFL_PRESSURE_DROP_CONSTRAINT   2024 7 3 0 0 0       -0.0034M3/MIN 
MOL_BALANCE_CONSTRAINT          2024 7 3 0 0 0       -0.5005KMOL   
FEED_CONCENTRATION_SENSOR       2024 7 3 140 0       19.9453KMOL/M3
FEED_FLOWRATE_SENSOR            2024 7 3 140 0        0.7259M3/MIN 
FEED_TEMPERATURE_SENSOR         2024 7 3 140 0       30.4058C      
REACTOR_LEVEL_SENSOR            2024 7 3 140 0        2.0154M      
CONCENTRATION_A_SENSOR          2024 7 3 140 0        2.8255KMOL/M3
CONCENTRATION_B_SENSOR          2024 7 3 140 0       17.2895KMOL/M3
REACTOR_TEMPERATURE_SENSOR      2024 7 3 140 0       80.3518C      
COOLING_WATER_FLOWRATE_SENSOR   2024 7 3 140 0        0.8932M3/MIN 
PRODUCT_FLOWRATE_SENSOR         2024 7 3 140 0        0.2471M3/MIN 
COOLING_WATER_TEMPERATURE_SENSOR2024 7 3 140 0       20.0616C      
COOLING_WATER_PRESSURE_SENSOR   2024 7 3 140 0    55435.9730KG/M2  
LEVEL_CONTROLLER_OUTPUT_SIGNAL  2024 7 3 140 0       31.9189% OPEN 
CW_FLOW_CONTROLLER_OUTPUT_SIGNAL2024 7 3 140 0       40.7541% OPEN 
COOLING_WATER_SETPOINT          2024 7 3 140 0        0.9178M3/MIN 
INVENTORY CONSTRAINT            2024 7 3 140 0      -10.2491M3     
CW_PRESSURE_DROP_CONSTRAINT     2024 7 3 140 0       -0.0011M3/MIN 
EFFL_PRESSURE_DROP_CONSTRAINT   2024 7 3 140 0       -0.0310M3/MIN 
MOL_BALANCE_CONSTRAINT          2024 7 3 140 0     -204.8850KMOL   
