FEED_CONCENTRATION_SENSOR       2024 7 3 0 0 0       19.6491KMOL/M3
FEED_FLOWRATE_SENSOR            2024 7 3 0 0 0        0.2539M3/MIN 
FEED_TEMPERATURE_SENSOR         2024 7 3 0 0 0       29.7576C      
REACTOR_LEVEL_SENSOR            2024 7 3 0 0 0        1.9977M      
CONCENTRATION_A_SENSOR          2024 7 3 0 0 0        2.8455KMOL/M3
CONCENTRATION_B_SENSOR          2024 7 3 0 0 0       17.1680KMOL/M3
REACTOR_TEMPERATURE_SENSOR      2024 7 3 0 0 0       79.8336C      
COOLING_WATER_FLOWRATE_SENSOR   2024 7 3 0 0 0        0.9230M3/MIN 
PRODUCT_FLOWRATE_SENSOR         2024 7 3 0 0 0        0.2484M3/MIN 
COOLING_WATER_TEMPERATURE_SENSOR2024 7 3 0 0 0       20.2283C      
COOLING_WATER_PRESSURE_SENSOR   2024 7 3 0 0 0    56080.5337KG/M2  
LEVEL_CONTROLLER_OUTPUT_SIGNAL  2024 7 3 0 0 0       25.3018% OPEN 
CW_FLOW_CONTROLLER_OUTPUT_SIGNAL2024 7 3 0 0 0       40.7046% OPEN 
COOLING_WATER_SETPOINT          2024 7 3 0 0 0        0.9001M3/MIN 
INVENTORY CONSTRAINT            2024 7 3 0 0 0       -0.0035M3     
CW_PRESSURE_DROP_CONSTRAINT     2024 7 3 0 0 0        0.0246M3/MIN 
EFFL_PRESSURE_DROP_CONSTRAINT   2024 7 3 0 0 0       -0.0020M3/MIN 
MOL_BALANCE_CONSTRAINT          2024 7 3 0 0 0        0.0402KMOL   
FEED_CONCENTRATION_SENSOR       2024 7 3 140 0       20.0464KMOL/M3
FEED_FLOWRATE_SENSOR            2024 7 3 140 0        0.2511M3/MIN 
FEED_TEMPERATURE_SENSOR         2024 7 3 140 0       30.2576C      
REACTOR_LEVEL_SENSOR            2024 7 3 140 0        1.9968M      
CONCENTRATION_A_SENSOR          2024 7 3 140 0        2.8387KMOL/M3
CONCENTRATION_B_SENSOR          2024 7 3 140 0       17.2215KMOL/M3
REACTOR_TEMPERATURE_SENSOR      2024 7 3 140 0       80.0826C      
COOLING_WATER_FLOWRATE_SENSOR   2024 7 3 140 0        0.8999M3/MIN 
PRODUCT_FLOWRATE_SENSOR         2024 7 3 140 0        0.2505M3/MIN 
COOLING_WATER_TEMPERATURE_SENSOR2024 7 3 140 0       20.0466C      
COOLING_WATER_PRESSURE_SENSOR   2024 7 3 140 0    54926.8298KG/M2  
LEVEL_CONTROLLER_OUTPUT_SIGNAL  2024 7 3 140 0       25.5301% OPEN 
CW_FLOW_CONTROLLER_OUTPUT_SIGNAL2024 7 3 140 0       40.7820% OPEN 
COOLING_WATER_SETPOINT          2024 7 3 140 0        0.9036M3/MIN 
INVENTORY CONSTRAINT            2024 7 3 140 0       -0.0090M3     
CW_PRESSURE_DROP_CONSTRAINT     2024 7 3 140 0        0.0091M3/MIN 
EFFL_PRESSURE_DROP_CONSTRAINT   2024 7 3 140 0       -0.0009M3/MIN 
MOL_BALANCE_CONSTRAINT          2024 7 3 140 0       -0.2692KMOL   
