FEED_CONCENTRATION_SENSOR       2024 7 3 0 0 0       19.6491KMOL/M3
FEED_FLOWRATE_SENSOR            2024 7 3 0 0 0        0.2539M3/MIN 
FEED_TEMPERATURE_SENSOR         2024 7 3 0 0 0       29.7576C      
REACTOR_LEVEL_SENSOR            2024 7 3 0 0 0        1.9977M      
CONCENTRATION_A_SENSOR          2024 7 3 0 0 0        2.8455KMOL/M3
CONCENTRATION_B_SENSOR          2024 7 3 0 0 0       17.1680KMOL/M3
REACTOR_TEMPERATURE_SENSOR      2024 7 3 0 0 0       79.8347C      
COOLING_WATER_FLOWRATE_SENSOR   2024 7 3 0 0 0        0.8995M3/MIN 
PRODUCT_FLOWRATE_SENSOR         2024 7 3 0 0 0        0.2484M3/MIN 
COOLING_WATER_TEMPERATURE_SENSOR2024 7 3 0 0 0       20.2283C      
COOLING_WATER_PRESSURE_SENSOR   2024 7 3 0 0 0    56080.5337KG/M2  
LEVEL_CONTROLLER_OUTPUT_SIGNAL  2024 7 3 0 0 0       25.3018% OPEN 
CW_FLOW_CONTROLLER_OUTPUT_SIGNAL2024 7 3 0 0 0       40.7046% OPEN 
COOLING_WATER_SETPOINT          2024 7 3 0 0 0        0.9001M3/MIN 
INVENTORY CONSTRAINT            2024 7 3 0 0 0       -0.0035M3     
CW_PRESSURE_DROP_CONSTRAINT     2024 7 3 0 0 0        0.0011M3/MIN 
EFFL_PRESSURE_DROP_CONSTRAINT   2024 7 3 0 0 0       -0.0020M3/MIN 
MOL_BALANCE_CONSTRAINT          2024 7 3 0 0 0        0.0402KMOL   
FEED_CONCENTRATION_SENSOR       2024 7 31640 0       19.9752KMOL/M3
FEED_FLOWRATE_SENSOR            2024 7 31640 0        0.2488M3/MIN 
FEED_TEMPERATURE_SENSOR         2024 7 31640 0       30.2243C      
REACTOR_LEVEL_SENSOR            2024 7 31640 0        2.0033M      
CONCENTRATION_A_SENSOR          2024 7 31640 0        2.8071KMOL/M3
CONCENTRATION_B_SENSOR          2024 7 31640 0       17.0222KMOL/M3
REACTOR_TEMPERATURE_SENSOR      2024 7 31640 0       79.9274C      
COOLING_WATER_FLOWRATE_SENSOR   2024 7 31640 0        0.9093M3/MIN 
PRODUCT_FLOWRATE_SENSOR         2024 7 31640 0        0.2517M3/MIN 
COOLING_WATER_TEMPERATURE_SENSOR2024 7 31640 0       19.9335C      
COOLING_WATER_PRESSURE_SENSOR   2024 7 31640 0    57099.9370KG/M2  
LEVEL_CONTROLLER_OUTPUT_SIGNAL  2024 7 31640 0       25.2116% OPEN 
CW_FLOW_CONTROLLER_OUTPUT_SIGNAL2024 7 31640 0       40.9593% OPEN 
COOLING_WATER_SETPOINT          2024 7 31640 0        0.8981M3/MIN 
INVENTORY CONSTRAINT            2024 7 31640 0       -0.0574M3     
CW_PRESSURE_DROP_CONSTRAINT     2024 7 31640 0       -0.0032M3/MIN 
EFFL_PRESSURE_DROP_CONSTRAINT   2024 7 31640 0        0.0017M3/MIN 
MOL_BALANCE_CONSTRAINT          2024 7 31640 0       -4.7436KMOL   
